<?xml version="1.0" encoding="UTF-8"?>
<robot generator="Robot 7.1 (Python 3.10.12 on darwin)" generated="2024-09-18T08:59:03.386945" rpa="false" schemaversion="5">
<suite id="s1" name="Assignment4" source="/Users/dandev947366/Desktop/HAMK-8-2024/Software-Testing/Assignment4-DanLe/robotframework/assignment4.robot">
<test id="s1-t1" name="Ping Each Address And Save Results" line="18">
<kw name="Get File" owner="OperatingSystem">
<msg time="2024-09-18T08:59:03.410195" level="INFO" html="true">Getting file '&lt;a href="file:///Users/dandev947366/Desktop/HAMK-8-2024/Software-Testing/Assignment4-DanLe/robotframework/webpages.txt"&gt;/Users/dandev947366/Desktop/HAMK-8-2024/Software-Testing/Assignment4-DanLe/robotframework/webpages.txt&lt;/a&gt;'.</msg>
<msg time="2024-09-18T08:59:03.410428" level="INFO">${file_content} = www.whitehouse.gov
www.iltalehti.fi
best.aliexpress.com</msg>
<var>${file_content}</var>
<arg>${INPUT_FILE}</arg>
<doc>Returns the contents of a specified file.</doc>
<status status="PASS" start="2024-09-18T08:59:03.409986" elapsed="0.000456"/>
</kw>
<kw name="Split String" owner="String">
<msg time="2024-09-18T08:59:03.410655" level="INFO">@{webpages} = [ www.whitehouse.gov | www.iltalehti.fi | best.aliexpress.com ]</msg>
<var>@{webpages}</var>
<arg>${file_content}</arg>
<arg>\n</arg>
<doc>Splits the ``string`` using ``separator`` as a delimiter string.</doc>
<status status="PASS" start="2024-09-18T08:59:03.410543" elapsed="0.000125"/>
</kw>
<kw name="Create File" owner="OperatingSystem">
<msg time="2024-09-18T08:59:03.411097" level="INFO" html="true">Created file '&lt;a href="file:///Users/dandev947366/Desktop/HAMK-8-2024/Software-Testing/Assignment4-DanLe/robotframework/ping_results.txt"&gt;/Users/dandev947366/Desktop/HAMK-8-2024/Software-Testing/Assignment4-DanLe/robotframework/ping_results.txt&lt;/a&gt;'.</msg>
<arg>${OUTPUT_FILE}</arg>
<doc>Creates a file with the given content and encoding.</doc>
<status status="PASS" start="2024-09-18T08:59:03.410743" elapsed="0.000383"/>
</kw>
<for flavor="IN">
<iter>
<kw name="Log To Console" owner="BuiltIn">
<arg>Pinging ${webpage}</arg>
<doc>Logs the given message to the console.</doc>
<status status="PASS" start="2024-09-18T08:59:03.411366" elapsed="0.000087"/>
</kw>
<kw name="Run Process" owner="Process">
<msg time="2024-09-18T08:59:03.411833" level="INFO">Starting process:
ping www.whitehouse.gov "-c 4"</msg>
<msg time="2024-09-18T08:59:03.414168" level="INFO">Waiting for process to complete.</msg>
<msg time="2024-09-18T08:59:06.451222" level="INFO">Process completed.</msg>
<msg time="2024-09-18T08:59:06.452930" level="INFO">${result} = &lt;result object with rc 0&gt;</msg>
<var>${result}</var>
<arg>ping</arg>
<arg>${webpage}</arg>
<arg>-c 4</arg>
<arg>stdout=True</arg>
<arg>stderr=True</arg>
<arg>shell=True</arg>
<doc>Runs a process and waits for it to complete.</doc>
<status status="PASS" start="2024-09-18T08:59:03.411511" elapsed="3.041596"/>
</kw>
<kw name="Set Variable" owner="BuiltIn">
<msg time="2024-09-18T08:59:06.457864" level="INFO">${ping_output} = PING wh46.go-vip.net (192.0.66.168): 56 data bytes
64 bytes from 192.0.66.168: icmp_seq=0 ttl=57 time=37.648 ms
64 bytes from 192.0.66.168: icmp_seq=1 ttl=57 time=18.076 ms
64 bytes from 192.0.66.168:...</msg>
<var>${ping_output}</var>
<arg>${result.stdout}</arg>
<doc>Returns the given values which can then be assigned to a variables.</doc>
<status status="PASS" start="2024-09-18T08:59:06.453985" elapsed="0.003928"/>
</kw>
<kw name="Get IP Address">
<kw name="Split String" owner="String">
<msg time="2024-09-18T08:59:06.459484" level="INFO">${lines} = ['PING wh46.go-vip.net (192.0.66.168): 56 data bytes', '64 bytes from 192.0.66.168: icmp_seq=0 ttl=57 time=37.648 ms', '64 bytes from 192.0.66.168: icmp_seq=1 ttl=57 time=18.076 ms', '64 bytes from 19...</msg>
<var>${lines}</var>
<arg>${ping_output}</arg>
<arg>\n</arg>
<doc>Splits the ``string`` using ``separator`` as a delimiter string.</doc>
<status status="PASS" start="2024-09-18T08:59:06.459135" elapsed="0.000393"/>
</kw>
<kw name="Get From List" owner="Collections">
<msg time="2024-09-18T08:59:06.459998" level="INFO">${ip_line} = PING wh46.go-vip.net (192.0.66.168): 56 data bytes</msg>
<var>${ip_line}</var>
<arg>${lines}</arg>
<arg>0</arg>
<doc>Returns the value specified with an ``index`` from ``list``.</doc>
<status status="PASS" start="2024-09-18T08:59:06.459717" elapsed="0.000317"/>
</kw>
<kw name="Split String" owner="String">
<msg time="2024-09-18T08:59:06.460460" level="INFO">${ip_address} = ['PING wh46.go-vip.net ', '192.0.66.168): 56 data bytes']</msg>
<var>${ip_address}</var>
<arg>${ip_line}</arg>
<arg>\(</arg>
<doc>Splits the ``string`` using ``separator`` as a delimiter string.</doc>
<status status="PASS" start="2024-09-18T08:59:06.460200" elapsed="0.000302"/>
</kw>
<kw name="Split String" owner="String">
<msg time="2024-09-18T08:59:06.461499" level="INFO">${ip_address} = ['192.0.66.168', ': 56 data bytes']</msg>
<var>${ip_address}</var>
<arg>${ip_address[1]}</arg>
<arg>\)</arg>
<doc>Splits the ``string`` using ``separator`` as a delimiter string.</doc>
<status status="PASS" start="2024-09-18T08:59:06.460665" elapsed="0.000877"/>
</kw>
<kw name="Strip String" owner="String">
<msg time="2024-09-18T08:59:06.462398" level="INFO">${ip_address} = 192.0.66.168</msg>
<var>${ip_address}</var>
<arg>${ip_address[0]}</arg>
<doc>Remove leading and/or trailing whitespaces from the given string.</doc>
<status status="PASS" start="2024-09-18T08:59:06.461712" elapsed="0.000717"/>
</kw>
<return>
<value>${ip_address}</value>
<status status="PASS" start="2024-09-18T08:59:06.462502" elapsed="0.000098"/>
</return>
<msg time="2024-09-18T08:59:06.462773" level="INFO">${ip_address} = 192.0.66.168</msg>
<var>${ip_address}</var>
<arg>${ping_output}</arg>
<status status="PASS" start="2024-09-18T08:59:06.458420" elapsed="0.004382"/>
</kw>
<kw name="Get Average Ping Time">
<kw name="Split String" owner="String">
<msg time="2024-09-18T08:59:06.463551" level="INFO">${lines} = ['PING wh46.go-vip.net (192.0.66.168): 56 data bytes', '64 bytes from 192.0.66.168: icmp_seq=0 ttl=57 time=37.648 ms', '64 bytes from 192.0.66.168: icmp_seq=1 ttl=57 time=18.076 ms', '64 bytes from 19...</msg>
<var>${lines}</var>
<arg>${ping_output}</arg>
<arg>\n</arg>
<doc>Splits the ``string`` using ``separator`` as a delimiter string.</doc>
<status status="PASS" start="2024-09-18T08:59:06.463343" elapsed="0.000239"/>
</kw>
<kw name="Get From List" owner="Collections">
<msg time="2024-09-18T08:59:06.463906" level="INFO">${avg_line} = round-trip min/avg/max/stddev = 9.557/19.516/37.648/10.902 ms</msg>
<var>${avg_line}</var>
<arg>${lines}</arg>
<arg>-1</arg>
<doc>Returns the value specified with an ``index`` from ``list``.</doc>
<status status="PASS" start="2024-09-18T08:59:06.463717" elapsed="0.000217"/>
</kw>
<kw name="Split String" owner="String">
<msg time="2024-09-18T08:59:06.464275" level="INFO">${avg_time} = ['round-trip min/avg/max/stddev ', ' 9.557/19.516/37.648/10.902 ms']</msg>
<var>${avg_time}</var>
<arg>${avg_line}</arg>
<arg>=</arg>
<doc>Splits the ``string`` using ``separator`` as a delimiter string.</doc>
<status status="PASS" start="2024-09-18T08:59:06.464064" elapsed="0.000239"/>
</kw>
<kw name="Strip String" owner="String">
<msg time="2024-09-18T08:59:06.465161" level="INFO">${avg_time} = 9.557/19.516/37.648/10.902</msg>
<var>${avg_time}</var>
<arg>${avg_time[1].split()[0]}</arg>
<doc>Remove leading and/or trailing whitespaces from the given string.</doc>
<status status="PASS" start="2024-09-18T08:59:06.464430" elapsed="0.000760"/>
</kw>
<return>
<value>${avg_time}</value>
<status status="PASS" start="2024-09-18T08:59:06.465251" elapsed="0.000035"/>
</return>
<msg time="2024-09-18T08:59:06.465436" level="INFO">${avg_ping_time} = 9.557/19.516/37.648/10.902</msg>
<var>${avg_ping_time}</var>
<arg>${ping_output}</arg>
<status status="PASS" start="2024-09-18T08:59:06.463002" elapsed="0.002460"/>
</kw>
<kw name="Log To Console" owner="BuiltIn">
<arg>${webpage} - IP: ${ip_address} - Avg Time: ${avg_ping_time} ms</arg>
<doc>Logs the given message to the console.</doc>
<status status="PASS" start="2024-09-18T08:59:06.465594" elapsed="0.000325"/>
</kw>
<kw name="Append To File" owner="OperatingSystem">
<msg time="2024-09-18T08:59:06.467319" level="INFO" html="true">Appended to file '&lt;a href="file:///Users/dandev947366/Desktop/HAMK-8-2024/Software-Testing/Assignment4-DanLe/robotframework/ping_results.txt"&gt;/Users/dandev947366/Desktop/HAMK-8-2024/Software-Testing/Assignment4-DanLe/robotframework/ping_results.txt&lt;/a&gt;'.</msg>
<arg>${OUTPUT_FILE}</arg>
<arg>${webpage} - IP: ${ip_address} - Avg Time: ${avg_ping_time} ms</arg>
<doc>Appends the given content to the specified file.</doc>
<status status="PASS" start="2024-09-18T08:59:06.466189" elapsed="0.001202"/>
</kw>
<kw name="Run Keyword If" owner="BuiltIn">
<kw name="Log To Console" owner="BuiltIn">
<arg>${webpage} is faster than 50ms.</arg>
<doc>Logs the given message to the console.</doc>
<status status="PASS" start="2024-09-18T08:59:06.467869" elapsed="0.000160"/>
</kw>
<arg>${avg_ping_time} &lt; 50</arg>
<arg>Log To Console</arg>
<arg>${webpage} is faster than 50ms.</arg>
<doc>Runs the given keyword with the given arguments, if ``condition`` is true.</doc>
<status status="PASS" start="2024-09-18T08:59:06.467560" elapsed="0.000523"/>
</kw>
<kw name="Run Keyword If" owner="BuiltIn">
<arg>${avg_ping_time} &gt;= 50</arg>
<arg>Fail</arg>
<arg>${webpage} took ${avg_ping_time}ms, which is greater than 50ms.</arg>
<doc>Runs the given keyword with the given arguments, if ``condition`` is true.</doc>
<status status="PASS" start="2024-09-18T08:59:06.468202" elapsed="0.000144"/>
</kw>
<var name="${webpage}">www.whitehouse.gov</var>
<status status="PASS" start="2024-09-18T08:59:03.411320" elapsed="3.057072"/>
</iter>
<iter>
<kw name="Log To Console" owner="BuiltIn">
<arg>Pinging ${webpage}</arg>
<doc>Logs the given message to the console.</doc>
<status status="PASS" start="2024-09-18T08:59:06.468671" elapsed="0.000154"/>
</kw>
<kw name="Run Process" owner="Process">
<msg time="2024-09-18T08:59:06.470052" level="INFO">Starting process:
ping www.iltalehti.fi "-c 4"</msg>
<msg time="2024-09-18T08:59:06.475399" level="INFO">Waiting for process to complete.</msg>
<msg time="2024-09-18T08:59:12.678836" level="INFO">Process completed.</msg>
<msg time="2024-09-18T08:59:12.680556" level="INFO">${result} = &lt;result object with rc 0&gt;</msg>
<var>${result}</var>
<arg>ping</arg>
<arg>${webpage}</arg>
<arg>-c 4</arg>
<arg>stdout=True</arg>
<arg>stderr=True</arg>
<arg>shell=True</arg>
<doc>Runs a process and waits for it to complete.</doc>
<status status="PASS" start="2024-09-18T08:59:06.468931" elapsed="6.211799"/>
</kw>
<kw name="Set Variable" owner="BuiltIn">
<msg time="2024-09-18T08:59:12.686771" level="INFO">${ping_output} = PING d4dgdwhncmjfe.cloudfront.net (18.165.122.89): 56 data bytes
64 bytes from 18.165.122.89: icmp_seq=0 ttl=249 time=8.281 ms
64 bytes from 18.165.122.89: icmp_seq=1 ttl=249 time=8.310 ms
64 bytes fr...</msg>
<var>${ping_output}</var>
<arg>${result.stdout}</arg>
<doc>Returns the given values which can then be assigned to a variables.</doc>
<status status="PASS" start="2024-09-18T08:59:12.682464" elapsed="0.004362"/>
</kw>
<kw name="Get IP Address">
<kw name="Split String" owner="String">
<msg time="2024-09-18T08:59:12.688096" level="INFO">${lines} = ['PING d4dgdwhncmjfe.cloudfront.net (18.165.122.89): 56 data bytes', '64 bytes from 18.165.122.89: icmp_seq=0 ttl=249 time=8.281 ms', '64 bytes from 18.165.122.89: icmp_seq=1 ttl=249 time=8.310 ms', '...</msg>
<var>${lines}</var>
<arg>${ping_output}</arg>
<arg>\n</arg>
<doc>Splits the ``string`` using ``separator`` as a delimiter string.</doc>
<status status="PASS" start="2024-09-18T08:59:12.687815" elapsed="0.000317"/>
</kw>
<kw name="Get From List" owner="Collections">
<msg time="2024-09-18T08:59:12.688517" level="INFO">${ip_line} = PING d4dgdwhncmjfe.cloudfront.net (18.165.122.89): 56 data bytes</msg>
<var>${ip_line}</var>
<arg>${lines}</arg>
<arg>0</arg>
<doc>Returns the value specified with an ``index`` from ``list``.</doc>
<status status="PASS" start="2024-09-18T08:59:12.688290" elapsed="0.000256"/>
</kw>
<kw name="Split String" owner="String">
<msg time="2024-09-18T08:59:12.688897" level="INFO">${ip_address} = ['PING d4dgdwhncmjfe.cloudfront.net ', '18.165.122.89): 56 data bytes']</msg>
<var>${ip_address}</var>
<arg>${ip_line}</arg>
<arg>\(</arg>
<doc>Splits the ``string`` using ``separator`` as a delimiter string.</doc>
<status status="PASS" start="2024-09-18T08:59:12.688683" elapsed="0.000244"/>
</kw>
<kw name="Split String" owner="String">
<msg time="2024-09-18T08:59:12.689760" level="INFO">${ip_address} = ['18.165.122.89', ': 56 data bytes']</msg>
<var>${ip_address}</var>
<arg>${ip_address[1]}</arg>
<arg>\)</arg>
<doc>Splits the ``string`` using ``separator`` as a delimiter string.</doc>
<status status="PASS" start="2024-09-18T08:59:12.689060" elapsed="0.000731"/>
</kw>
<kw name="Strip String" owner="String">
<msg time="2024-09-18T08:59:12.690457" level="INFO">${ip_address} = 18.165.122.89</msg>
<var>${ip_address}</var>
<arg>${ip_address[0]}</arg>
<doc>Remove leading and/or trailing whitespaces from the given string.</doc>
<status status="PASS" start="2024-09-18T08:59:12.689930" elapsed="0.000553"/>
</kw>
<return>
<value>${ip_address}</value>
<status status="PASS" start="2024-09-18T08:59:12.690546" elapsed="0.000079"/>
</return>
<msg time="2024-09-18T08:59:12.690770" level="INFO">${ip_address} = 18.165.122.89</msg>
<var>${ip_address}</var>
<arg>${ping_output}</arg>
<status status="PASS" start="2024-09-18T08:59:12.687294" elapsed="0.003499"/>
</kw>
<kw name="Get Average Ping Time">
<kw name="Split String" owner="String">
<msg time="2024-09-18T08:59:12.691436" level="INFO">${lines} = ['PING d4dgdwhncmjfe.cloudfront.net (18.165.122.89): 56 data bytes', '64 bytes from 18.165.122.89: icmp_seq=0 ttl=249 time=8.281 ms', '64 bytes from 18.165.122.89: icmp_seq=1 ttl=249 time=8.310 ms', '...</msg>
<var>${lines}</var>
<arg>${ping_output}</arg>
<arg>\n</arg>
<doc>Splits the ``string`` using ``separator`` as a delimiter string.</doc>
<status status="PASS" start="2024-09-18T08:59:12.691252" elapsed="0.000215"/>
</kw>
<kw name="Get From List" owner="Collections">
<msg time="2024-09-18T08:59:12.691755" level="INFO">${avg_line} = round-trip min/avg/max/stddev = 7.610/9.045/11.977/1.716 ms</msg>
<var>${avg_line}</var>
<arg>${lines}</arg>
<arg>-1</arg>
<doc>Returns the value specified with an ``index`` from ``list``.</doc>
<status status="PASS" start="2024-09-18T08:59:12.691588" elapsed="0.000191"/>
</kw>
<kw name="Split String" owner="String">
<msg time="2024-09-18T08:59:12.692070" level="INFO">${avg_time} = ['round-trip min/avg/max/stddev ', ' 7.610/9.045/11.977/1.716 ms']</msg>
<var>${avg_time}</var>
<arg>${avg_line}</arg>
<arg>=</arg>
<doc>Splits the ``string`` using ``separator`` as a delimiter string.</doc>
<status status="PASS" start="2024-09-18T08:59:12.691891" elapsed="0.000208"/>
</kw>
<kw name="Strip String" owner="String">
<msg time="2024-09-18T08:59:12.692687" level="INFO">${avg_time} = 7.610/9.045/11.977/1.716</msg>
<var>${avg_time}</var>
<arg>${avg_time[1].split()[0]}</arg>
<doc>Remove leading and/or trailing whitespaces from the given string.</doc>
<status status="PASS" start="2024-09-18T08:59:12.692211" elapsed="0.000501"/>
</kw>
<return>
<value>${avg_time}</value>
<status status="PASS" start="2024-09-18T08:59:12.692761" elapsed="0.000028"/>
</return>
<msg time="2024-09-18T08:59:12.692918" level="INFO">${avg_ping_time} = 7.610/9.045/11.977/1.716</msg>
<var>${avg_ping_time}</var>
<arg>${ping_output}</arg>
<status status="PASS" start="2024-09-18T08:59:12.690960" elapsed="0.001981"/>
</kw>
<kw name="Log To Console" owner="BuiltIn">
<arg>${webpage} - IP: ${ip_address} - Avg Time: ${avg_ping_time} ms</arg>
<doc>Logs the given message to the console.</doc>
<status status="PASS" start="2024-09-18T08:59:12.693057" elapsed="0.000289"/>
</kw>
<kw name="Append To File" owner="OperatingSystem">
<msg time="2024-09-18T08:59:12.694496" level="INFO" html="true">Appended to file '&lt;a href="file:///Users/dandev947366/Desktop/HAMK-8-2024/Software-Testing/Assignment4-DanLe/robotframework/ping_results.txt"&gt;/Users/dandev947366/Desktop/HAMK-8-2024/Software-Testing/Assignment4-DanLe/robotframework/ping_results.txt&lt;/a&gt;'.</msg>
<arg>${OUTPUT_FILE}</arg>
<arg>${webpage} - IP: ${ip_address} - Avg Time: ${avg_ping_time} ms</arg>
<doc>Appends the given content to the specified file.</doc>
<status status="PASS" start="2024-09-18T08:59:12.693466" elapsed="0.001160"/>
</kw>
<kw name="Run Keyword If" owner="BuiltIn">
<kw name="Log To Console" owner="BuiltIn">
<arg>${webpage} is faster than 50ms.</arg>
<doc>Logs the given message to the console.</doc>
<status status="PASS" start="2024-09-18T08:59:12.695046" elapsed="0.000168"/>
</kw>
<arg>${avg_ping_time} &lt; 50</arg>
<arg>Log To Console</arg>
<arg>${webpage} is faster than 50ms.</arg>
<doc>Runs the given keyword with the given arguments, if ``condition`` is true.</doc>
<status status="PASS" start="2024-09-18T08:59:12.694769" elapsed="0.000502"/>
</kw>
<kw name="Run Keyword If" owner="BuiltIn">
<arg>${avg_ping_time} &gt;= 50</arg>
<arg>Fail</arg>
<arg>${webpage} took ${avg_ping_time}ms, which is greater than 50ms.</arg>
<doc>Runs the given keyword with the given arguments, if ``condition`` is true.</doc>
<status status="PASS" start="2024-09-18T08:59:12.695389" elapsed="0.000144"/>
</kw>
<var name="${webpage}">www.iltalehti.fi</var>
<status status="PASS" start="2024-09-18T08:59:06.468585" elapsed="6.226996"/>
</iter>
<iter>
<kw name="Log To Console" owner="BuiltIn">
<arg>Pinging ${webpage}</arg>
<doc>Logs the given message to the console.</doc>
<status status="PASS" start="2024-09-18T08:59:12.695833" elapsed="0.000133"/>
</kw>
<kw name="Run Process" owner="Process">
<msg time="2024-09-18T08:59:12.696678" level="INFO">Starting process:
ping best.aliexpress.com "-c 4"</msg>
<msg time="2024-09-18T08:59:12.701840" level="INFO">Waiting for process to complete.</msg>
<msg time="2024-09-18T08:59:16.141050" level="INFO">Process completed.</msg>
<msg time="2024-09-18T08:59:16.142328" level="INFO">${result} = &lt;result object with rc 0&gt;</msg>
<var>${result}</var>
<arg>ping</arg>
<arg>${webpage}</arg>
<arg>-c 4</arg>
<arg>stdout=True</arg>
<arg>stderr=True</arg>
<arg>shell=True</arg>
<doc>Runs a process and waits for it to complete.</doc>
<status status="PASS" start="2024-09-18T08:59:12.696067" elapsed="3.446431"/>
</kw>
<kw name="Set Variable" owner="BuiltIn">
<msg time="2024-09-18T08:59:16.146896" level="INFO">${ping_output} = PING e11956.x.akamaiedge.net (184.84.235.26): 56 data bytes
64 bytes from 184.84.235.26: icmp_seq=0 ttl=56 time=9.026 ms
64 bytes from 184.84.235.26: icmp_seq=1 ttl=56 time=12.609 ms
64 bytes from 184...</msg>
<var>${ping_output}</var>
<arg>${result.stdout}</arg>
<doc>Returns the given values which can then be assigned to a variables.</doc>
<status status="PASS" start="2024-09-18T08:59:16.143265" elapsed="0.003679"/>
</kw>
<kw name="Get IP Address">
<kw name="Split String" owner="String">
<msg time="2024-09-18T08:59:16.148726" level="INFO">${lines} = ['PING e11956.x.akamaiedge.net (184.84.235.26): 56 data bytes', '64 bytes from 184.84.235.26: icmp_seq=0 ttl=56 time=9.026 ms', '64 bytes from 184.84.235.26: icmp_seq=1 ttl=56 time=12.609 ms', '64 byt...</msg>
<var>${lines}</var>
<arg>${ping_output}</arg>
<arg>\n</arg>
<doc>Splits the ``string`` using ``separator`` as a delimiter string.</doc>
<status status="PASS" start="2024-09-18T08:59:16.148398" elapsed="0.000370"/>
</kw>
<kw name="Get From List" owner="Collections">
<msg time="2024-09-18T08:59:16.149214" level="INFO">${ip_line} = PING e11956.x.akamaiedge.net (184.84.235.26): 56 data bytes</msg>
<var>${ip_line}</var>
<arg>${lines}</arg>
<arg>0</arg>
<doc>Returns the value specified with an ``index`` from ``list``.</doc>
<status status="PASS" start="2024-09-18T08:59:16.148955" elapsed="0.000295"/>
</kw>
<kw name="Split String" owner="String">
<msg time="2024-09-18T08:59:16.149678" level="INFO">${ip_address} = ['PING e11956.x.akamaiedge.net ', '184.84.235.26): 56 data bytes']</msg>
<var>${ip_address}</var>
<arg>${ip_line}</arg>
<arg>\(</arg>
<doc>Splits the ``string`` using ``separator`` as a delimiter string.</doc>
<status status="PASS" start="2024-09-18T08:59:16.149416" elapsed="0.000297"/>
</kw>
<kw name="Split String" owner="String">
<msg time="2024-09-18T08:59:16.150587" level="INFO">${ip_address} = ['184.84.235.26', ': 56 data bytes']</msg>
<var>${ip_address}</var>
<arg>${ip_address[1]}</arg>
<arg>\)</arg>
<doc>Splits the ``string`` using ``separator`` as a delimiter string.</doc>
<status status="PASS" start="2024-09-18T08:59:16.149873" elapsed="0.000745"/>
</kw>
<kw name="Strip String" owner="String">
<msg time="2024-09-18T08:59:16.151372" level="INFO">${ip_address} = 184.84.235.26</msg>
<var>${ip_address}</var>
<arg>${ip_address[0]}</arg>
<doc>Remove leading and/or trailing whitespaces from the given string.</doc>
<status status="PASS" start="2024-09-18T08:59:16.150759" elapsed="0.000643"/>
</kw>
<return>
<value>${ip_address}</value>
<status status="PASS" start="2024-09-18T08:59:16.151474" elapsed="0.000086"/>
</return>
<msg time="2024-09-18T08:59:16.151727" level="INFO">${ip_address} = 184.84.235.26</msg>
<var>${ip_address}</var>
<arg>${ping_output}</arg>
<status status="PASS" start="2024-09-18T08:59:16.147416" elapsed="0.004337"/>
</kw>
<kw name="Get Average Ping Time">
<kw name="Split String" owner="String">
<msg time="2024-09-18T08:59:16.152475" level="INFO">${lines} = ['PING e11956.x.akamaiedge.net (184.84.235.26): 56 data bytes', '64 bytes from 184.84.235.26: icmp_seq=0 ttl=56 time=9.026 ms', '64 bytes from 184.84.235.26: icmp_seq=1 ttl=56 time=12.609 ms', '64 byt...</msg>
<var>${lines}</var>
<arg>${ping_output}</arg>
<arg>\n</arg>
<doc>Splits the ``string`` using ``separator`` as a delimiter string.</doc>
<status status="PASS" start="2024-09-18T08:59:16.152269" elapsed="0.000237"/>
</kw>
<kw name="Get From List" owner="Collections">
<msg time="2024-09-18T08:59:16.152824" level="INFO">${avg_line} = round-trip min/avg/max/stddev = 9.026/11.667/14.689/2.165 ms</msg>
<var>${avg_line}</var>
<arg>${lines}</arg>
<arg>-1</arg>
<doc>Returns the value specified with an ``index`` from ``list``.</doc>
<status status="PASS" start="2024-09-18T08:59:16.152641" elapsed="0.000210"/>
</kw>
<kw name="Split String" owner="String">
<msg time="2024-09-18T08:59:16.153183" level="INFO">${avg_time} = ['round-trip min/avg/max/stddev ', ' 9.026/11.667/14.689/2.165 ms']</msg>
<var>${avg_time}</var>
<arg>${avg_line}</arg>
<arg>=</arg>
<doc>Splits the ``string`` using ``separator`` as a delimiter string.</doc>
<status status="PASS" start="2024-09-18T08:59:16.152979" elapsed="0.000231"/>
</kw>
<kw name="Strip String" owner="String">
<msg time="2024-09-18T08:59:16.153915" level="INFO">${avg_time} = 9.026/11.667/14.689/2.165</msg>
<var>${avg_time}</var>
<arg>${avg_time[1].split()[0]}</arg>
<doc>Remove leading and/or trailing whitespaces from the given string.</doc>
<status status="PASS" start="2024-09-18T08:59:16.153339" elapsed="0.000605"/>
</kw>
<return>
<value>${avg_time}</value>
<status status="PASS" start="2024-09-18T08:59:16.154004" elapsed="0.000035"/>
</return>
<msg time="2024-09-18T08:59:16.154190" level="INFO">${avg_ping_time} = 9.026/11.667/14.689/2.165</msg>
<var>${avg_ping_time}</var>
<arg>${ping_output}</arg>
<status status="PASS" start="2024-09-18T08:59:16.151943" elapsed="0.002273"/>
</kw>
<kw name="Log To Console" owner="BuiltIn">
<arg>${webpage} - IP: ${ip_address} - Avg Time: ${avg_ping_time} ms</arg>
<doc>Logs the given message to the console.</doc>
<status status="PASS" start="2024-09-18T08:59:16.154349" elapsed="0.000321"/>
</kw>
<kw name="Append To File" owner="OperatingSystem">
<msg time="2024-09-18T08:59:16.155949" level="INFO" html="true">Appended to file '&lt;a href="file:///Users/dandev947366/Desktop/HAMK-8-2024/Software-Testing/Assignment4-DanLe/robotframework/ping_results.txt"&gt;/Users/dandev947366/Desktop/HAMK-8-2024/Software-Testing/Assignment4-DanLe/robotframework/ping_results.txt&lt;/a&gt;'.</msg>
<arg>${OUTPUT_FILE}</arg>
<arg>${webpage} - IP: ${ip_address} - Avg Time: ${avg_ping_time} ms</arg>
<doc>Appends the given content to the specified file.</doc>
<status status="PASS" start="2024-09-18T08:59:16.154802" elapsed="0.001219"/>
</kw>
<kw name="Run Keyword If" owner="BuiltIn">
<kw name="Log To Console" owner="BuiltIn">
<arg>${webpage} is faster than 50ms.</arg>
<doc>Logs the given message to the console.</doc>
<status status="PASS" start="2024-09-18T08:59:16.156580" elapsed="0.000191"/>
</kw>
<arg>${avg_ping_time} &lt; 50</arg>
<arg>Log To Console</arg>
<arg>${webpage} is faster than 50ms.</arg>
<doc>Runs the given keyword with the given arguments, if ``condition`` is true.</doc>
<status status="PASS" start="2024-09-18T08:59:16.156270" elapsed="0.000565"/>
</kw>
<kw name="Run Keyword If" owner="BuiltIn">
<arg>${avg_ping_time} &gt;= 50</arg>
<arg>Fail</arg>
<arg>${webpage} took ${avg_ping_time}ms, which is greater than 50ms.</arg>
<doc>Runs the given keyword with the given arguments, if ``condition`` is true.</doc>
<status status="PASS" start="2024-09-18T08:59:16.156975" elapsed="0.000168"/>
</kw>
<var name="${webpage}">best.aliexpress.com</var>
<status status="PASS" start="2024-09-18T08:59:12.695757" elapsed="3.461448"/>
</iter>
<var>${webpage}</var>
<value>@{webpages}</value>
<status status="PASS" start="2024-09-18T08:59:03.411175" elapsed="12.746082"/>
</for>
<doc>Read URLs from webpages.txt, ping each one, save IP address and average ping time to ping_results.txt, and verify the ping time is less than 50ms.</doc>
<status status="PASS" start="2024-09-18T08:59:03.409313" elapsed="12.748211"/>
</test>
<status status="PASS" start="2024-09-18T08:59:03.388254" elapsed="12.769925"/>
</suite>
<statistics>
<total>
<stat pass="1" fail="0" skip="0">All Tests</stat>
</total>
<tag>
</tag>
<suite>
<stat pass="1" fail="0" skip="0" id="s1" name="Assignment4">Assignment4</stat>
</suite>
</statistics>
<errors>
</errors>
</robot>
